2023-12-16 14:42:52.976 [info] Extension host with pid 6054 started
2023-12-16 14:42:54.717 [info] ExtensionService#_doActivateExtension vscode.emmet, startup: false, activationEvent: 'onLanguage'
2023-12-16 14:42:55.416 [info] ExtensionService#_doActivateExtension vscode.git-base, startup: true, activationEvent: '*'
2023-12-16 14:42:55.778 [info] ExtensionService#_doActivateExtension vscode.github, startup: true, activationEvent: '*'
2023-12-16 14:42:57.505 [info] Eager extensions activated
2023-12-16 14:42:58.569 [info] ExtensionService#_doActivateExtension vscode.debug-auto-launch, startup: false, activationEvent: 'onStartupFinished'
2023-12-16 14:42:58.577 [info] ExtensionService#_doActivateExtension vscode.merge-conflict, startup: false, activationEvent: 'onStartupFinished'
2023-12-16 14:43:04.005 [info] ExtensionService#_doActivateExtension vscode.json-language-features, startup: false, activationEvent: 'onLanguage:jsonc'
2023-12-16 14:43:04.660 [info] ExtensionService#_doActivateExtension vscode.typescript-language-features, startup: false, activationEvent: 'onLanguage:jsonc'
2023-12-16 14:43:16.011 [info] Extension host terminating: renderer closed the MessagePort
2023-12-16 14:43:16.038 [info] Extension host with pid 6054 exiting with code 0
2023-12-16 14:43:31.857 [info] Extension host with pid 6141 started
2023-12-16 14:43:31.857 [info] Skipping acquiring lock for /home/kamal/.config/Code - OSS/User/workspaceStorage/815052b8abe01e4ed8d799096315ea8a.
2023-12-16 14:43:34.204 [info] ExtensionService#_doActivateExtension vscode.emmet, startup: false, activationEvent: 'onLanguage'
2023-12-16 14:43:35.411 [info] ExtensionService#_doActivateExtension vscode.git-base, startup: true, activationEvent: '*'
2023-12-16 14:43:35.712 [info] ExtensionService#_doActivateExtension vscode.github, startup: true, activationEvent: '*'
2023-12-16 14:43:36.038 [info] Eager extensions activated
2023-12-16 14:43:36.190 [info] ExtensionService#_doActivateExtension vscode.debug-auto-launch, startup: false, activationEvent: 'onStartupFinished'
2023-12-16 14:43:36.206 [info] ExtensionService#_doActivateExtension vscode.merge-conflict, startup: false, activationEvent: 'onStartupFinished'
2023-12-16 14:43:41.354 [info] ExtensionService#_doActivateExtension vscode.json-language-features, startup: false, activationEvent: 'onLanguage:jsonc'
2023-12-16 14:43:41.845 [info] ExtensionService#_doActivateExtension vscode.typescript-language-features, startup: false, activationEvent: 'onLanguage:jsonc'
